[debug] [2023-02-14T02:09:26.001Z] ----------------------------------------------------------------------
[debug] [2023-02-14T02:09:26.006Z] Command:       C:\Program Files\nodejs\node.exe C:\Users\DUCANH\AppData\Roaming\npm\node_modules\firebase-tools\lib\bin\firebase.js init
[debug] [2023-02-14T02:09:26.007Z] CLI Version:   11.23.0
[debug] [2023-02-14T02:09:26.007Z] Platform:      win32
[debug] [2023-02-14T02:09:26.007Z] Node Version:  v19.3.0
[debug] [2023-02-14T02:09:26.007Z] Time:          Tue Feb 14 2023 09:09:26 GMT+0700 (Indochina Time)
[debug] [2023-02-14T02:09:26.008Z] ----------------------------------------------------------------------
[debug] 
[debug] [2023-02-14T02:09:26.138Z] > command requires scopes: ["email","openid","https://www.googleapis.com/auth/cloudplatformprojects.readonly","https://www.googleapis.com/auth/firebase","https://www.googleapis.com/auth/cloud-platform"]
[debug] [2023-02-14T02:09:26.138Z] > authorizing via signed-in user (leleduc@gmail.com)
[info] 
     ######## #### ########  ######## ########     ###     ######  ########
     ##        ##  ##     ## ##       ##     ##  ##   ##  ##       ##
     ######    ##  ########  ######   ########  #########  ######  ######
     ##        ##  ##    ##  ##       ##     ## ##     ##       ## ##
     ##       #### ##     ## ######## ########  ##     ##  ######  ########

You're about to initialize a Firebase project in this directory:

  F:\PROGRAMMING\REACTJS\react-nodejs-dashboard

Before we get started, keep in mind:

  * You are initializing within an existing Firebase project directory

[info] 
=== Project Setup
[info] 
[info] First, let's associate this project directory with a Firebase project.
[info] You can create multiple project aliases by running firebase use --add, 
[info] but for now we'll just set up a default project.
[info] 
[debug] [2023-02-14T02:09:46.784Z] Using project from CLI flag: react-dashboard-19211
[debug] [2023-02-14T02:09:46.788Z] >>> [apiv2][query] GET https://firebase.googleapis.com/v1beta1/projects/react-dashboard-19211 [none]
[debug] [2023-02-14T02:09:47.243Z] <<< [apiv2][status] GET https://firebase.googleapis.com/v1beta1/projects/react-dashboard-19211 200
[debug] [2023-02-14T02:09:47.244Z] <<< [apiv2][body] GET https://firebase.googleapis.com/v1beta1/projects/react-dashboard-19211 {"projectId":"react-dashboard-19211","projectNumber":"127223463474","displayName":"react-dashboard","name":"projects/react-dashboard-19211","resources":{"hostingSite":"react-dashboard-19211","realtimeDatabaseInstance":"react-dashboard-19211-default-rtdb"},"state":"ACTIVE","etag":"1_ea033b5c-5b98-4106-9549-f3e18a1038c1"}
[info] i  Using project react-dashboard-19211 (react-dashboard) 
[info] 
=== Hosting Setup
[info] 
[info] Your public directory is the folder (relative to your project directory) that
[info] will contain Hosting assets to be uploaded with firebase deploy. If you
[info] have a build process for your assets, use your build's output directory.
[info] 
[debug] [2023-02-14T02:10:17.300Z] >>> [apiv2][query] GET https://www.gstatic.com/firebasejs/releases.json [none]
[debug] [2023-02-14T02:10:17.491Z] <<< [apiv2][status] GET https://www.gstatic.com/firebasejs/releases.json 200
[debug] [2023-02-14T02:10:17.491Z] <<< [apiv2][body] GET https://www.gstatic.com/firebasejs/releases.json {"current":{"version":"9.17.1","browserURL":"https://www.gstatic.com/firebasejs/9.17.1/firebase.js","packageURL":"https://www.gstatic.com/firebasejs/9.17.1/firebase.tgz"},"live":{"version":"9.17","browserURL":"https://www.gstatic.com/firebasejs/live/9.17/firebase.js","packageURL":"https://www.gstatic.com/firebasejs/live/9.17/firebase.tgz"},"components":{"analytics":"https://www.gstatic.com/firebasejs/9.17.1/firebase-analytics.js","app":"https://www.gstatic.com/firebasejs/9.17.1/firebase-app.js","app-check":"https://www.gstatic.com/firebasejs/9.17.1/firebase-app-check.js","auth":"https://www.gstatic.com/firebasejs/9.17.1/firebase-auth.js","auth/cordova":"https://www.gstatic.com/firebasejs/9.17.1/firebase-auth/cordova.js","auth/react-native":"https://www.gstatic.com/firebasejs/9.17.1/firebase-auth/react-native.js","functions":"https://www.gstatic.com/firebasejs/9.17.1/firebase-functions.js","firestore":"https://www.gstatic.com/firebasejs/9.17.1/firebase-firestore.js","firestore/lite":"https://www.gstatic.com/firebasejs/9.17.1/firebase-firestore/lite.js","installations":"https://www.gstatic.com/firebasejs/9.17.1/firebase-installations.js","storage":"https://www.gstatic.com/firebasejs/9.17.1/firebase-storage.js","performance":"https://www.gstatic.com/firebasejs/9.17.1/firebase-performance.js","remote-config":"https://www.gstatic.com/firebasejs/9.17.1/firebase-remote-config.js","messaging":"https://www.gstatic.com/firebasejs/9.17.1/firebase-messaging.js","messaging/sw":"https://www.gstatic.com/firebasejs/9.17.1/firebase-messaging/sw.js","database":"https://www.gstatic.com/firebasejs/9.17.1/firebase-database.js","firestore.memory":"https://www.gstatic.com/firebasejs/9.17.1/firebase-firestore.memory.js"}}
[info] +  Wrote public/index.html 
[info] 
[info] i  Detected a .git folder at F:\PROGRAMMING\REACTJS\react-nodejs-dashboard 
[info] i  Authorizing with GitHub to upload your service account to a GitHub repository's secrets store. 
[info] 
[info] Visit this URL on this device to log in:
[info] https://github.com/login/oauth/authorize?client_id=89cf50f02ac6aaed3484&state=215216108&redirect_uri=http%3A%2F%2Flocalhost%3A9005&scope=read%3Auser%20repo%20public_repo
[info] 
[info] Waiting for authentication...
